2020-06-08 13:08:47.853 runscript[21064:20024] WARNING - unable to create shared user defaults!
2020-06-08 13:08:47.867 runscript[21064:20024] NSDocumentClass EGGDocument not NSDocument subclass
2020-06-08 13:08:49.191 runscript[21064:20024] Eggplant (Command Line) is 20.0.0-Windows-64, build (1912121710), on Windows 6.2 ICU version 62.1
2020-06-08 13:08:50.756 runscript[21064:20024] RLM: Initialized. Local license folder: C:/Users/ab030405/Application Data/Eggplant
2020-06-08 13:08:50.793 runscript[21064:20024] Approved License: <RLMLicense eggplantexecution #15072 Floating Expires 2020-09-28 00:00:00 +0530>
Eggplant (20.0.0-1912121710) running in Execution mode on Windows-64 Host:0x005056afd7d2
2020-06-08 13:08:53.868 runscript[21064:18056] Load C:\Program Files\Eggplant\Eggplant.app\Resources\ABBYY\Bin\FREngine.dll
2020-06-08 13:08:53.892 runscript[21064:18056] Successfully loaded FREngine.dll
2020-06-08 13:08:54.294 runscript[21064:10112] Connection with WIN10T-00327.northamerica.cerner.net STARTED. TYPE: RDP
2020-06-08 13:08:54.339 runscript[21064:20324] Execution of the script located at path: C:/EggplantSuites/IPDEV-Orion-CernerCentralApps/CernerCentralApps-Tests.suite/Scripts/PCT-WF-AppAccess-HappyPath.script STARTED
2020-06-08 13:08:54.349 runscript[21064:18056] OCR enabled-unlimited usage
2020-06-08 13:08:54.381 runscript[21064:20324] Unable To Lock SuiteInfo file - Could not save EggplantCommon.suite.
Error: 13
If your file system does not support file locking please use:defaults write Eggplant SuiteLockingEnabled NO
2020-06-08 13:08:54.428 runscript[21064:20324] Load Document Failed - Nothing at Location: C:/Eggplant Suite/ApplicationShared/OrionApplication-Shared.suite
2020-06-08 13:08:54.428 runscript[21064:20324] Failed to load helper suite at C:/Eggplant Suite/ApplicationShared/OrionApplication-Shared.suite
2020-06-08 13:08:54.429 runscript[21064:20324] Load Document Failed - Nothing at Location: C:/Eggplant Suite/DesktopShared/Desktop-Shared.suite
2020-06-08 13:08:54.429 runscript[21064:20324] Failed to load helper suite at C:/Eggplant Suite/DesktopShared/Desktop-Shared.suite
2020-06-08 13:08:54.429 runscript[21064:20324] Load Document Failed - Nothing at Location: C:/Eggplant Suite/OrionShared/Orion-Shared.suite
2020-06-08 13:08:54.429 runscript[21064:20324] Failed to load helper suite at C:/Eggplant Suite/OrionShared/Orion-Shared.suite
2020-06-08 13:08:54.429 runscript[21064:20324] Load Document Failed - Nothing at Location: C:/Eggplant Suite/OrionSharedComponents/OrionComponents-Shared.suite
2020-06-08 13:08:54.429 runscript[21064:20324] Failed to load helper suite at C:/Eggplant Suite/OrionSharedComponents/OrionComponents-Shared.suite
2020-06-08 13:08:54.430 runscript[21064:20324] Load Document Failed - Nothing at Location: C:/Eggplant Suite/AppAccess_FeatureManager/CernerCentralApps-Shared.suite
2020-06-08 13:08:54.430 runscript[21064:20324] Failed to load helper suite at C:/Eggplant Suite/AppAccess_FeatureManager/CernerCentralApps-Shared.suite
2020-06-08 13:08:54.431 runscript[21064:20324] File NSObject+GNUstepBase.m: 50. In -[NSObject(GNUstepBase) compare:] WARNING: The -compare: method for NSObject is deprecated.
2020-06-08 13:08:54.812 runscript[21064:20324] Execution of the script located at path: C:/EggplantSuites/IPDEV-Orion-CernerCentralApps/CernerCentralApps-Tests.suite/Scripts/PCT-WF-AppAccess-HappyPath.script ENDED
2020-06-08 13:08:54.812 runscript[21064:20024] reported exception - <NSException: 0x1a7d12a0> NAME:Script Failed REASON:STUnknownMessage:
ERROR: No Such Function: 'prepare' INFO:{CallStack = ("(Handler:\"pct_wf_appaccess_happypath\", Line:\"10\", MeObjectID:\"C:/EggplantSuites/IPDEV-Orion-CernerCentralApps/CernerCentralApps-Tests.suite/Scripts/PCT-WF-AppAccess-HappyPath.script\", MessageName:\"on_pct_wf_appaccess_happypath\", MessageType:\"Command\", objectType:\"SenseTalkFrame\", RepeatIndex:\"0\", ScriptObjectID:\"C:/EggplantSuites/IPDEV-Orion-CernerCentralApps/CernerCentralApps-Tests.suite/Scripts/PCT-WF-AppAccess-HappyPath.script\", TryDepth:\"0\")"); OtherButton = ""; ScriptError = "Runtime Error at line 10: STUnknownMessage - ERROR: No Such Function: 'prepare'"; }
2020-06-08 13:08:56.020 runscript[21064:20024] Completed CernerCentralApps-Tests.suite - PCT-WF-AppAccess-HappyPath.script
2020-06-08 13:08:56.097 runscript[21064:10112] Connection with WIN10T-00327.northamerica.cerner.net CLOSED. TYPE: RDP
[13:08:53:899] [21064:00002780] [INFO][com.freerdp.client.common.cmdline] - loading channelEx cliprdr
[13:08:54:077] [21064:00002780] [INFO][com.freerdp.core.nla] - TSCredentials: password
[13:08:54:256] [21064:00002780] [INFO][com.freerdp.gdi] - Local framebuffer format  PIXEL_FORMAT_RGBA32
[13:08:54:256] [21064:00002780] [INFO][com.freerdp.gdi] - Remote framebuffer format PIXEL_FORMAT_RGB16
