2020-06-08 13:03:31.097 runscript[18532:19436] WARNING - unable to create shared user defaults!
2020-06-08 13:03:31.112 runscript[18532:19436] NSDocumentClass EGGDocument not NSDocument subclass
2020-06-08 13:03:32.502 runscript[18532:19436] Eggplant (Command Line) is 20.0.0-Windows-64, build (1912121710), on Windows 6.2 ICU version 62.1
2020-06-08 13:03:33.957 runscript[18532:19436] RLM: Initialized. Local license folder: C:/Users/ab030405/Application Data/Eggplant
2020-06-08 13:03:34.014 runscript[18532:19436] Approved License: <RLMLicense eggplantexecution #15072 Floating Expires 2020-09-28 00:00:00 +0530>
Eggplant (20.0.0-1912121710) running in Execution mode on Windows-64 Host:0x005056afd7d2
2020-06-08 13:03:37.073 runscript[18532:21392] Load C:\Program Files\Eggplant\Eggplant.app\Resources\ABBYY\Bin\FREngine.dll
2020-06-08 13:03:37.094 runscript[18532:21392] Successfully loaded FREngine.dll
2020-06-08 13:03:37.291 runscript[18532:19436] Error - Unable to Connect To WIN10T-00327.northamerica.cerner.net ((null))
Connection Failed: Unable to connect to Server:WIN10T-00327.northamerica.cerner.net on port:3389
Authentication failed
2020-06-08 13:03:37.395 runscript[18532:15844] Execution of the script located at path: C:/EggplantSuites/IPDEV-Orion-CernerCentralApps/CernerCentralApps-Tests.suite/Scripts/PCT-VR-Platform-FeatureManager.script STARTED
2020-06-08 13:03:37.459 runscript[18532:15844] Unable To Lock SuiteInfo file - Could not save EggplantCommon.suite.
Error: 13
If your file system does not support file locking please use:defaults write Eggplant SuiteLockingEnabled NO
2020-06-08 13:03:37.514 runscript[18532:15844] Load Document Failed - Nothing at Location: C:/Eggplant Suite/ApplicationShared/OrionApplication-Shared.suite
2020-06-08 13:03:37.514 runscript[18532:15844] Failed to load helper suite at C:/Eggplant Suite/ApplicationShared/OrionApplication-Shared.suite
2020-06-08 13:03:37.514 runscript[18532:15844] Load Document Failed - Nothing at Location: C:/Eggplant Suite/DesktopShared/Desktop-Shared.suite
2020-06-08 13:03:37.514 runscript[18532:15844] Failed to load helper suite at C:/Eggplant Suite/DesktopShared/Desktop-Shared.suite
2020-06-08 13:03:37.514 runscript[18532:15844] Load Document Failed - Nothing at Location: C:/Eggplant Suite/OrionShared/Orion-Shared.suite
2020-06-08 13:03:37.514 runscript[18532:15844] Failed to load helper suite at C:/Eggplant Suite/OrionShared/Orion-Shared.suite
2020-06-08 13:03:37.515 runscript[18532:15844] Load Document Failed - Nothing at Location: C:/Eggplant Suite/OrionSharedComponents/OrionComponents-Shared.suite
2020-06-08 13:03:37.515 runscript[18532:15844] Failed to load helper suite at C:/Eggplant Suite/OrionSharedComponents/OrionComponents-Shared.suite
2020-06-08 13:03:37.515 runscript[18532:15844] Load Document Failed - Nothing at Location: C:/Eggplant Suite/AppAccess_FeatureManager/CernerCentralApps-Shared.suite
2020-06-08 13:03:37.515 runscript[18532:15844] Failed to load helper suite at C:/Eggplant Suite/AppAccess_FeatureManager/CernerCentralApps-Shared.suite
2020-06-08 13:03:37.516 runscript[18532:15844] File NSObject+GNUstepBase.m: 50. In -[NSObject(GNUstepBase) compare:] WARNING: The -compare: method for NSObject is deprecated.
2020-06-08 13:03:37.552 runscript[18532:21392] OCR enabled-unlimited usage
2020-06-08 13:03:37.757 runscript[18532:15844] Execution of the script located at path: C:/EggplantSuites/IPDEV-Orion-CernerCentralApps/CernerCentralApps-Tests.suite/Scripts/PCT-VR-Platform-FeatureManager.script ENDED
2020-06-08 13:03:37.757 runscript[18532:19436] reported exception - <NSException: 0x12466ad0> NAME:Script Failed REASON:STUnknownMessage:
ERROR: No Such Function: 'prepare' INFO:{CallStack = ("(Handler:\"pct_vr_platform_featuremanager\", Line:\"9\", MeObjectID:\"C:/EggplantSuites/IPDEV-Orion-CernerCentralApps/CernerCentralApps-Tests.suite/Scripts/PCT-VR-Platform-FeatureManager.script\", MessageName:\"on_pct_vr_platform_featuremanager\", MessageType:\"Command\", objectType:\"SenseTalkFrame\", RepeatIndex:\"0\", ScriptObjectID:\"C:/EggplantSuites/IPDEV-Orion-CernerCentralApps/CernerCentralApps-Tests.suite/Scripts/PCT-VR-Platform-FeatureManager.script\", TryDepth:\"0\")"); OtherButton = ""; ScriptError = "Runtime Error at line 9: STUnknownMessage - ERROR: No Such Function: 'prepare'"; }
2020-06-08 13:03:39.352 runscript[18532:19436] Completed CernerCentralApps-Tests.suite - PCT-VR-Platform-FeatureManager.script
[13:03:37:100] [18532:00004914] [INFO][com.freerdp.client.common.cmdline] - loading channelEx cliprdr
[13:03:37:278] [18532:00004914] [ERROR][com.freerdp.core] - freerdp_set_last_error ERRCONNECT_LOGON_FAILURE [0x00020014]
[13:03:37:278] [18532:00004914] [ERROR][com.freerdp.core.rdp] - rdp_recv_callback: CONNECTION_STATE_NLA - nla_recv_pdu() fail
[13:03:37:278] [18532:00004914] [ERROR][com.freerdp.core.transport] - transport_check_fds: transport->ReceiveCallback() - -1
