2020-06-08 13:18:43.924 runscript[20148:17724] WARNING - unable to create shared user defaults!
2020-06-08 13:18:43.939 runscript[20148:17724] NSDocumentClass EGGDocument not NSDocument subclass
2020-06-08 13:18:45.259 runscript[20148:17724] Eggplant (Command Line) is 20.0.0-Windows-64, build (1912121710), on Windows 6.2 ICU version 62.1
2020-06-08 13:18:46.661 runscript[20148:17724] RLM: Initialized. Local license folder: C:/Users/ab030405/Application Data/Eggplant
2020-06-08 13:18:46.714 runscript[20148:17724] Approved License: <RLMLicense eggplantexecution #15072 Floating Expires 2020-09-28 00:00:00 +0530>
Eggplant (20.0.0-1912121710) running in Execution mode on Windows-64 Host:0x005056afd7d2
2020-06-08 13:18:49.618 runscript[20148:20068] Load C:\Program Files\Eggplant\Eggplant.app\Resources\ABBYY\Bin\FREngine.dll
2020-06-08 13:18:49.639 runscript[20148:20068] Successfully loaded FREngine.dll
2020-06-08 13:18:49.992 runscript[20148:4696] Connection with WIN10T-00327.northamerica.cerner.net STARTED. TYPE: RDP
2020-06-08 13:18:50.054 runscript[20148:17756] Execution of the script located at path: C:/EggplantSuites/IPDEV-Orion-CernerCentralApps/CernerCentralApps-Tests.suite/Scripts/PCT-VR-Platform-FeatureManager.script STARTED
2020-06-08 13:18:50.055 runscript[20148:20068] OCR enabled-unlimited usage
2020-06-08 13:18:50.107 runscript[20148:17756] Unable To Lock SuiteInfo file - Could not save EggplantCommon.suite.
Error: 13
If your file system does not support file locking please use:defaults write Eggplant SuiteLockingEnabled NO
2020-06-08 13:18:50.189 runscript[20148:17756] Load Document Failed - Nothing at Location: C:/Users/ab030405/My Documents/IPDEV-Orion-Bandu/node_modules/ipdev-desktop-shared/Desktop-Shared.suite
2020-06-08 13:18:50.189 runscript[20148:17756] Failed to load helper suite at ./IPDEV-Orion-Bandu/node_modules/ipdev-desktop-shared/Desktop-Shared.suite
2020-06-08 13:18:50.190 runscript[20148:17756] Load Document Failed - Nothing at Location: C:/Users/ab030405/My Documents/IPDEV-Orion-Bandu/node_modules/ipdev-orion-shared/Orion-Shared.suite
2020-06-08 13:18:50.190 runscript[20148:17756] Failed to load helper suite at ./IPDEV-Orion-Bandu/node_modules/ipdev-orion-shared/Orion-Shared.suite
2020-06-08 13:18:50.214 runscript[20148:17756] File NSObject+GNUstepBase.m: 50. In -[NSObject(GNUstepBase) compare:] WARNING: The -compare: method for NSObject is deprecated.
2020-06-08 13:19:27.389 runscript[20148:4696] Connection with WIN10T-00327.northamerica.cerner.net CLOSED. TYPE: RDP
2020-06-08 13:19:27.711 runscript[20148:17756] Execution of the script located at path: C:/EggplantSuites/IPDEV-Orion-CernerCentralApps/CernerCentralApps-Tests.suite/Scripts/PCT-VR-Platform-FeatureManager.script ENDED
2020-06-08 13:19:27.711 runscript[20148:17724] reported exception - <NSException: 0x1be08c40> NAME:Script Failed REASON:File Not Found:
click Error - Could Not Open Image: FeatureManager/Icon_Features INFO:Runtime Error at line 31: File Not Found - click Error - Could Not Open Image: FeatureManager/Icon_Features
2020-06-08 13:19:32.021 runscript[20148:17724] Completed CernerCentralApps-Tests.suite - PCT-VR-Platform-FeatureManager.script
[13:18:49:645] [20148:00001258] [INFO][com.freerdp.client.common.cmdline] - loading channelEx cliprdr
[13:18:49:815] [20148:00001258] [INFO][com.freerdp.core.nla] - TSCredentials: password
[13:18:49:955] [20148:00001258] [INFO][com.freerdp.gdi] - Local framebuffer format  PIXEL_FORMAT_RGBA32
[13:18:49:955] [20148:00001258] [INFO][com.freerdp.gdi] - Remote framebuffer format PIXEL_FORMAT_RGB16
